app/build/intermediates/manifest_merge_blame_file/release/manifest-merger-blame-release-report.txt
1<?xml version="1.0" encoding="utf-8"?>
2<manifest xmlns:android="http://schemas.android.com/apk/res/android"
3    package="org.jetbrains.kotlin.mpp_app_android"
4    android:versionCode="1"
5    android:versionName="1.0" >
6
7    <uses-sdk
8        android:minSdkVersion="15"
8-->src\main\AndroidManifest.xml
9        android:targetSdkVersion="28" />
9-->src\main\AndroidManifest.xml
10
11    <application
11-->src\main\AndroidManifest.xml:5:5-17:19
12        android:allowBackup="true"
12-->src\main\AndroidManifest.xml:6:13-39
13        android:appComponentFactory="android.support.v4.app.CoreComponentFactory"
13-->[com.android.support:support-compat:28.0.0] AndroidManifest.xml:22:18-91
14        android:label="@string/app_name"
14-->src\main\AndroidManifest.xml:7:13-45
15        android:supportsRtl="true"
15-->src\main\AndroidManifest.xml:8:13-39
16        android:testOnly="true"
17        android:theme="@style/AppTheme" >
17-->src\main\AndroidManifest.xml:9:13-44
18        <activity android:name="sample.MainActivity" >
18-->src\main\AndroidManifest.xml:10:9-16:20
18-->src\main\AndroidManifest.xml:10:19-53
19            <intent-filter>
19-->src\main\AndroidManifest.xml:11:13-15:29
20                <action android:name="android.intent.action.MAIN" />
20-->src\main\AndroidManifest.xml:12:17-69
20-->src\main\AndroidManifest.xml:12:25-66
21
22                <category android:name="android.intent.category.LAUNCHER" />
22-->src\main\AndroidManifest.xml:14:17-77
22-->src\main\AndroidManifest.xml:14:27-74
23            </intent-filter>
24        </activity>
25    </application>
26
27</manifest>